<?xml version="1.0" encoding="UTF-8"?>
<!-- Generated by org.testng.reporters.JUnitReportReporter -->
<testsuite hostname="DNID1084L01.local" failures="0" tests="1" name="testing.Query" time="2.476" errors="0" timestamp="2022-02-22T19:18:10 WIB" skipped="0">
  <testcase classname="testing.Query" name="isCEONameMatch" time="2.476"/>
  <system-out/>
</testsuite> <!-- testing.Query -->
